{"E:\\JS\\test\\main.js": {"path":"E:\\JS\\test\\main.js","statementMap":{"0":{"start":{"line":2,"column":4},"end":{"line":2,"column":59}},"1":{"start":{"line":2,"column":46},"end":{"line":2,"column":59}},"2":{"start":{"line":3,"column":19},"end":{"line":3,"column":43}},"3":{"start":{"line":3,"column":34},"end":{"line":3,"column":42}},"4":{"start":{"line":4,"column":4},"end":{"line":4,"column":17}},"5":{"start":{"line":10,"column":4},"end":{"line":10,"column":15}}},"fnMap":{"0":{"name":"checkEvent","decl":{"start":{"line":1,"column":16},"end":{"line":1,"column":26}},"loc":{"start":{"line":1,"column":29},"end":{"line":5,"column":1}},"line":1},"1":{"name":"(anonymous_1)","decl":{"start":{"line":3,"column":29},"end":{"line":3,"column":30}},"loc":{"start":{"line":3,"column":34},"end":{"line":3,"column":42}},"line":3},"2":{"name":"sum","decl":{"start":{"line":9,"column":16},"end":{"line":9,"column":19}},"loc":{"start":{"line":9,"column":25},"end":{"line":11,"column":1}},"line":9}},"branchMap":{"0":{"loc":{"start":{"line":2,"column":4},"end":{"line":2,"column":59}},"type":"if","locations":[{"start":{"line":2,"column":4},"end":{"line":2,"column":59}},{"start":{},"end":{}}],"line":2},"1":{"loc":{"start":{"line":2,"column":7},"end":{"line":2,"column":44}},"type":"binary-expr","locations":[{"start":{"line":2,"column":7},"end":{"line":2,"column":26}},{"start":{"line":2,"column":30},"end":{"line":2,"column":44}}],"line":2}},"s":{"0":0,"1":0,"2":0,"3":0,"4":0,"5":1},"f":{"0":0,"1":0,"2":1},"b":{"0":[0,0],"1":[0,0]},"_coverageSchema":"1a1c01bbd47fc00a2c39e90264f33305004495a9","hash":"e1136ccf6e931c8b7eb4d1cf8783359895ee3a96"}
}
